Build started 4/17/2016 10:58:46 PM.
     1>Project "G:\CS397Repo\GraphicsPad\GraphicsPad\GraphicsPad.vcxproj" on node 2 (Build target(s)).
     1>ClCompile:
         C:\Program Files (x86)\Microsoft Visual Studio 14.0\VC\bin\CL.exe /c /I.\include /ZI /nologo /W3 /WX- /Od /Oy- /D WIN32 /D _DEBUG /D _CONSOLE /D _UNICODE /D UNICODE /Gm /EHsc /RTC1 /MDd /GS /fp:precise /Zc:wchar_t /Zc:forScope /Zc:inline /Fo"Debug\\" /Fd"Debug\vc140.pdb" /Gd /TP /analyze- /errorReport:prompt Bullet.cpp Rendering\Mesh.cpp core\Main_IndieTanks.cpp
         Main_IndieTanks.cpp
     1>g:\cs397repo\graphicspad\graphicspad\primitives\vertex3d.h(51): warning C4244: '=': conversion from 'float' to 'GLubyte', possible loss of data
     1>g:\cs397repo\graphicspad\graphicspad\primitives\vertex3d.h(52): warning C4244: '=': conversion from 'float' to 'GLubyte', possible loss of data
     1>g:\cs397repo\graphicspad\graphicspad\primitives\vertex3d.h(53): warning C4244: '=': conversion from 'float' to 'GLubyte', possible loss of data
     1>g:\cs397repo\graphicspad\graphicspad\rendering\mesh.h(32): error C2011: 'IndexedModel': 'class' type redefinition
         g:\cs397repo\graphicspad\graphicspad\rendering\obj_loader.h(18): note: see declaration of 'IndexedModel'
     1>g:\cs397repo\graphicspad\graphicspad\bullet.h(4): warning C4067: unexpected tokens following preprocessor directive - expected a newline
     1>g:\cs397repo\graphicspad\graphicspad\core\main_indietanks.cpp(118): warning C4244: 'initializing': conversion from 'Uint32' to 'float', possible loss of data
     1>g:\cs397repo\graphicspad\graphicspad\core\main_indietanks.cpp(122): warning C4244: 'initializing': conversion from 'Uint32' to 'float', possible loss of data
     1>g:\cs397repo\graphicspad\graphicspad\core\main_indietanks.cpp(154): warning C4244: '=': conversion from 'Sint32' to 'float', possible loss of data
     1>g:\cs397repo\graphicspad\graphicspad\core\main_indietanks.cpp(155): warning C4244: '=': conversion from 'Sint32' to 'float', possible loss of data
     1>g:\cs397repo\graphicspad\graphicspad\core\main_indietanks.cpp(185): warning C4244: '=': conversion from 'Sint32' to 'float', possible loss of data
         Mesh.cpp
     1>g:\cs397repo\graphicspad\graphicspad\primitives\vertex3d.h(51): warning C4244: '=': conversion from 'float' to 'GLubyte', possible loss of data
     1>g:\cs397repo\graphicspad\graphicspad\primitives\vertex3d.h(52): warning C4244: '=': conversion from 'float' to 'GLubyte', possible loss of data
     1>g:\cs397repo\graphicspad\graphicspad\primitives\vertex3d.h(53): warning C4244: '=': conversion from 'float' to 'GLubyte', possible loss of data
     1>g:\cs397repo\graphicspad\graphicspad\rendering\mesh.h(32): error C2011: 'IndexedModel': 'class' type redefinition
         g:\cs397repo\graphicspad\graphicspad\rendering\obj_loader.h(18): note: see declaration of 'IndexedModel'
     1>g:\cs397repo\graphicspad\graphicspad\rendering\mesh.cpp(33): error C2027: use of undefined type 'IndexedModel'
         g:\cs397repo\graphicspad\graphicspad\rendering\obj_loader.h(18): note: see declaration of 'IndexedModel'
     1>g:\cs397repo\graphicspad\graphicspad\rendering\mesh.cpp(34): error C2270: 'IsValid': modifiers not allowed on nonmember functions
     1>g:\cs397repo\graphicspad\graphicspad\rendering\mesh.cpp(35): error C2065: 'm_positions': undeclared identifier
     1>g:\cs397repo\graphicspad\graphicspad\rendering\mesh.cpp(35): error C2228: left of '.size' must have class/struct/union
         g:\cs397repo\graphicspad\graphicspad\rendering\mesh.cpp(35): note: type is 'unknown-type'
     1>g:\cs397repo\graphicspad\graphicspad\rendering\mesh.cpp(35): error C2065: 'm_texCoords': undeclared identifier
     1>g:\cs397repo\graphicspad\graphicspad\rendering\mesh.cpp(36): error C2065: 'm_texCoords': undeclared identifier
     1>g:\cs397repo\graphicspad\graphicspad\rendering\mesh.cpp(36): error C2228: left of '.size' must have class/struct/union
         g:\cs397repo\graphicspad\graphicspad\rendering\mesh.cpp(36): note: type is 'unknown-type'
     1>g:\cs397repo\graphicspad\graphicspad\rendering\mesh.cpp(36): error C2065: 'm_normals': undeclared identifier
     1>g:\cs397repo\graphicspad\graphicspad\rendering\mesh.cpp(37): error C2065: 'm_normals': undeclared identifier
     1>g:\cs397repo\graphicspad\graphicspad\rendering\mesh.cpp(37): error C2228: left of '.size' must have class/struct/union
         g:\cs397repo\graphicspad\graphicspad\rendering\mesh.cpp(37): note: type is 'unknown-type'
     1>g:\cs397repo\graphicspad\graphicspad\rendering\mesh.cpp(37): error C2065: 'm_tangents': undeclared identifier
     1>g:\cs397repo\graphicspad\graphicspad\rendering\mesh.cpp(40): error C2027: use of undefined type 'IndexedModel'
         g:\cs397repo\graphicspad\graphicspad\rendering\obj_loader.h(18): note: see declaration of 'IndexedModel'
     1>g:\cs397repo\graphicspad\graphicspad\rendering\mesh.cpp(42): error C2065: 'm_positions': undeclared identifier
     1>g:\cs397repo\graphicspad\graphicspad\rendering\mesh.cpp(42): error C2228: left of '.push_back' must have class/struct/union
         g:\cs397repo\graphicspad\graphicspad\rendering\mesh.cpp(42): note: type is 'unknown-type'
     1>g:\cs397repo\graphicspad\graphicspad\rendering\mesh.cpp(45): error C2027: use of undefined type 'IndexedModel'
         g:\cs397repo\graphicspad\graphicspad\rendering\obj_loader.h(18): note: see declaration of 'IndexedModel'
     1>g:\cs397repo\graphicspad\graphicspad\rendering\mesh.cpp(47): error C2065: 'm_texCoords': undeclared identifier
     1>g:\cs397repo\graphicspad\graphicspad\rendering\mesh.cpp(47): error C2228: left of '.push_back' must have class/struct/union
         g:\cs397repo\graphicspad\graphicspad\rendering\mesh.cpp(47): note: type is 'unknown-type'
     1>g:\cs397repo\graphicspad\graphicspad\rendering\mesh.cpp(50): error C2027: use of undefined type 'IndexedModel'
         g:\cs397repo\graphicspad\graphicspad\rendering\obj_loader.h(18): note: see declaration of 'IndexedModel'
     1>g:\cs397repo\graphicspad\graphicspad\rendering\mesh.cpp(52): error C2065: 'm_normals': undeclared identifier
     1>g:\cs397repo\graphicspad\graphicspad\rendering\mesh.cpp(52): error C2228: left of '.push_back' must have class/struct/union
         g:\cs397repo\graphicspad\graphicspad\rendering\mesh.cpp(52): note: type is 'unknown-type'
     1>g:\cs397repo\graphicspad\graphicspad\rendering\mesh.cpp(55): error C2027: use of undefined type 'IndexedModel'
         g:\cs397repo\graphicspad\graphicspad\rendering\obj_loader.h(18): note: see declaration of 'IndexedModel'
     1>g:\cs397repo\graphicspad\graphicspad\rendering\mesh.cpp(57): error C2065: 'm_tangents': undeclared identifier
     1>g:\cs397repo\graphicspad\graphicspad\rendering\mesh.cpp(57): error C2228: left of '.push_back' must have class/struct/union
         g:\cs397repo\graphicspad\graphicspad\rendering\mesh.cpp(57): note: type is 'unknown-type'
     1>g:\cs397repo\graphicspad\graphicspad\rendering\mesh.cpp(60): error C2027: use of undefined type 'IndexedModel'
         g:\cs397repo\graphicspad\graphicspad\rendering\obj_loader.h(18): note: see declaration of 'IndexedModel'
     1>g:\cs397repo\graphicspad\graphicspad\rendering\mesh.cpp(61): error C2027: use of undefined type 'IndexedModel'
         g:\cs397repo\graphicspad\graphicspad\rendering\obj_loader.h(18): note: see declaration of 'IndexedModel'
     1>g:\cs397repo\graphicspad\graphicspad\rendering\mesh.cpp(64): error C2355: 'this': can only be referenced inside non-static member functions or non-static data member initializers
     1>g:\cs397repo\graphicspad\graphicspad\rendering\mesh.cpp(67): error C2065: 'm_texCoords': undeclared identifier
     1>g:\cs397repo\graphicspad\graphicspad\rendering\mesh.cpp(67): error C2228: left of '.size' must have class/struct/union
         g:\cs397repo\graphicspad\graphicspad\rendering\mesh.cpp(67): note: type is 'unknown-type'
     1>g:\cs397repo\graphicspad\graphicspad\rendering\mesh.cpp(69): error C2065: 'm_texCoords': undeclared identifier
     1>g:\cs397repo\graphicspad\graphicspad\rendering\mesh.cpp(69): error C2228: left of '.size' must have class/struct/union
         g:\cs397repo\graphicspad\graphicspad\rendering\mesh.cpp(69): note: type is 'unknown-type'
     1>g:\cs397repo\graphicspad\graphicspad\rendering\mesh.cpp(69): error C2065: 'm_positions': undeclared identifier
     1>g:\cs397repo\graphicspad\graphicspad\rendering\mesh.cpp(71): error C2065: 'm_texCoords': undeclared identifier
     1>g:\cs397repo\graphicspad\graphicspad\rendering\mesh.cpp(71): error C2228: left of '.push_back' must have class/struct/union
         g:\cs397repo\graphicspad\graphicspad\rendering\mesh.cpp(71): note: type is 'unknown-type'
     1>g:\cs397repo\graphicspad\graphicspad\rendering\mesh.cpp(75): error C2065: 'm_normals': undeclared identifier
     1>g:\cs397repo\graphicspad\graphicspad\rendering\mesh.cpp(75): error C2228: left of '.size' must have class/struct/union
         g:\cs397repo\graphicspad\graphicspad\rendering\mesh.cpp(75): note: type is 'unknown-type'
     1>g:\cs397repo\graphicspad\graphicspad\rendering\mesh.cpp(77): error C3861: 'CalcNormals': identifier not found
     1>g:\cs397repo\graphicspad\graphicspad\rendering\mesh.cpp(80): error C2065: 'm_tangents': undeclared identifier
     1>g:\cs397repo\graphicspad\graphicspad\rendering\mesh.cpp(80): error C2228: left of '.size' must have class/struct/union
         g:\cs397repo\graphicspad\graphicspad\rendering\mesh.cpp(80): note: type is 'unknown-type'
     1>g:\cs397repo\graphicspad\graphicspad\rendering\mesh.cpp(82): error C3861: 'CalcTangents': identifier not found
     1>g:\cs397repo\graphicspad\graphicspad\rendering\mesh.cpp(85): error C2355: 'this': can only be referenced inside non-static member functions or non-static data member initializers
     1>g:\cs397repo\graphicspad\graphicspad\rendering\mesh.cpp(88): error C2027: use of undefined type 'IndexedModel'
         g:\cs397repo\graphicspad\graphicspad\rendering\obj_loader.h(18): note: see declaration of 'IndexedModel'
     1>g:\cs397repo\graphicspad\graphicspad\rendering\mesh.cpp(90): error C2065: 'm_indices': undeclared identifier
     1>g:\cs397repo\graphicspad\graphicspad\rendering\mesh.cpp(90): error C2228: left of '.push_back' must have class/struct/union
         g:\cs397repo\graphicspad\graphicspad\rendering\mesh.cpp(90): note: type is 'unknown-type'
     1>g:\cs397repo\graphicspad\graphicspad\rendering\mesh.cpp(91): error C2065: 'm_indices': undeclared identifier
     1>g:\cs397repo\graphicspad\graphicspad\rendering\mesh.cpp(91): error C2228: left of '.push_back' must have class/struct/union
         g:\cs397repo\graphicspad\graphicspad\rendering\mesh.cpp(91): note: type is 'unknown-type'
     1>g:\cs397repo\graphicspad\graphicspad\rendering\mesh.cpp(92): error C2065: 'm_indices': undeclared identifier
     1>g:\cs397repo\graphicspad\graphicspad\rendering\mesh.cpp(92): error C2228: left of '.push_back' must have class/struct/union
         g:\cs397repo\graphicspad\graphicspad\rendering\mesh.cpp(92): note: type is 'unknown-type'
     1>g:\cs397repo\graphicspad\graphicspad\rendering\mesh.cpp(95): error C2027: use of undefined type 'IndexedModel'
         g:\cs397repo\graphicspad\graphicspad\rendering\obj_loader.h(18): note: see declaration of 'IndexedModel'
     1>g:\cs397repo\graphicspad\graphicspad\rendering\mesh.cpp(97): error C2065: 'm_normals': undeclared identifier
     1>g:\cs397repo\graphicspad\graphicspad\rendering\mesh.cpp(97): error C2228: left of '.clear' must have class/struct/union
         g:\cs397repo\graphicspad\graphicspad\rendering\mesh.cpp(97): note: type is 'unknown-type'
     1>g:\cs397repo\graphicspad\graphicspad\rendering\mesh.cpp(98): error C2065: 'm_normals': undeclared identifier
     1>g:\cs397repo\graphicspad\graphicspad\rendering\mesh.cpp(98): error C2228: left of '.reserve' must have class/struct/union
         g:\cs397repo\graphicspad\graphicspad\rendering\mesh.cpp(98): note: type is 'unknown-type'
     1>g:\cs397repo\graphicspad\graphicspad\rendering\mesh.cpp(98): error C2065: 'm_positions': undeclared identifier
     1>g:\cs397repo\graphicspad\graphicspad\rendering\mesh.cpp(98): error C2228: left of '.size' must have class/struct/union
         g:\cs397repo\graphicspad\graphicspad\rendering\mesh.cpp(98): note: type is 'unknown-type'
     1>g:\cs397repo\graphicspad\graphicspad\rendering\mesh.cpp(100): error C2065: 'm_positions': undeclared identifier
     1>g:\cs397repo\graphicspad\graphicspad\rendering\mesh.cpp(100): error C2228: left of '.size' must have class/struct/union
         g:\cs397repo\graphicspad\graphicspad\rendering\mesh.cpp(100): note: type is 'unknown-type'
     1>g:\cs397repo\graphicspad\graphicspad\rendering\mesh.cpp(101): error C2065: 'm_normals': undeclared identifier
     1>g:\cs397repo\graphicspad\graphicspad\rendering\mesh.cpp(101): error C2228: left of '.push_back' must have class/struct/union
         g:\cs397repo\graphicspad\graphicspad\rendering\mesh.cpp(101): note: type is 'unknown-type'
     1>g:\cs397repo\graphicspad\graphicspad\rendering\mesh.cpp(103): error C2065: 'm_indices': undeclared identifier
     1>g:\cs397repo\graphicspad\graphicspad\rendering\mesh.cpp(103): error C2228: left of '.size' must have class/struct/union
         g:\cs397repo\graphicspad\graphicspad\rendering\mesh.cpp(103): note: type is 'unknown-type'
     1>g:\cs397repo\graphicspad\graphicspad\rendering\mesh.cpp(105): error C2065: 'm_indices': undeclared identifier
     1>g:\cs397repo\graphicspad\graphicspad\rendering\mesh.cpp(106): error C2065: 'm_indices': undeclared identifier
     1>g:\cs397repo\graphicspad\graphicspad\rendering\mesh.cpp(107): error C2065: 'm_indices': undeclared identifier
     1>g:\cs397repo\graphicspad\graphicspad\rendering\mesh.cpp(109): error C2065: 'm_positions': undeclared identifier
     1>g:\cs397repo\graphicspad\graphicspad\rendering\mesh.cpp(110): error C2065: 'm_positions': undeclared identifier
     1>g:\cs397repo\graphicspad\graphicspad\rendering\mesh.cpp(114): error C2065: 'm_normals': undeclared identifier
     1>g:\cs397repo\graphicspad\graphicspad\rendering\mesh.cpp(115): error C2065: 'm_normals': undeclared identifier
     1>g:\cs397repo\graphicspad\graphicspad\rendering\mesh.cpp(116): error C2065: 'm_normals': undeclared identifier
     1>g:\cs397repo\graphicspad\graphicspad\rendering\mesh.cpp(119): error C2065: 'm_normals': undeclared identifier
     1>g:\cs397repo\graphicspad\graphicspad\rendering\mesh.cpp(119): error C2228: left of '.size' must have class/struct/union
         g:\cs397repo\graphicspad\graphicspad\rendering\mesh.cpp(119): note: type is 'unknown-type'
     1>g:\cs397repo\graphicspad\graphicspad\rendering\mesh.cpp(120): error C2065: 'm_normals': undeclared identifier
     1>g:\cs397repo\graphicspad\graphicspad\rendering\mesh.cpp(123): error C2027: use of undefined type 'IndexedModel'
         g:\cs397repo\graphicspad\graphicspad\rendering\obj_loader.h(18): note: see declaration of 'IndexedModel'
     1>g:\cs397repo\graphicspad\graphicspad\rendering\mesh.cpp(125): error C2065: 'm_tangents': undeclared identifier
     1>g:\cs397repo\graphicspad\graphicspad\rendering\mesh.cpp(125): error C2228: left of '.clear' must have class/struct/union
         g:\cs397repo\graphicspad\graphicspad\rendering\mesh.cpp(125): note: type is 'unknown-type'
     1>g:\cs397repo\graphicspad\graphicspad\rendering\mesh.cpp(126): error C2065: 'm_tangents': undeclared identifier
     1>g:\cs397repo\graphicspad\graphicspad\rendering\mesh.cpp(126): error C2228: left of '.reserve' must have class/struct/union
         g:\cs397repo\graphicspad\graphicspad\rendering\mesh.cpp(126): note: type is 'unknown-type'
     1>g:\cs397repo\graphicspad\graphicspad\rendering\mesh.cpp(126): error C2065: 'm_positions': undeclared identifier
     1>g:\cs397repo\graphicspad\graphicspad\rendering\mesh.cpp(126): error C2228: left of '.size' must have class/struct/union
         g:\cs397repo\graphicspad\graphicspad\rendering\mesh.cpp(126): note: type is 'unknown-type'
     1>g:\cs397repo\graphicspad\graphicspad\rendering\mesh.cpp(128): error C2065: 'm_positions': undeclared identifier
     1>g:\cs397repo\graphicspad\graphicspad\rendering\mesh.cpp(128): error C2228: left of '.size' must have class/struct/union
         g:\cs397repo\graphicspad\graphicspad\rendering\mesh.cpp(128): note: type is 'unknown-type'
     1>g:\cs397repo\graphicspad\graphicspad\rendering\mesh.cpp(129): error C2065: 'm_tangents': undeclared identifier
     1>g:\cs397repo\graphicspad\graphicspad\rendering\mesh.cpp(129): error C2228: left of '.push_back' must have class/struct/union
         g:\cs397repo\graphicspad\graphicspad\rendering\mesh.cpp(129): note: type is 'unknown-type'
     1>g:\cs397repo\graphicspad\graphicspad\rendering\mesh.cpp(131): error C2065: 'm_indices': undeclared identifier
     1>g:\cs397repo\graphicspad\graphicspad\rendering\mesh.cpp(131): error C2228: left of '.size' must have class/struct/union
         g:\cs397repo\graphicspad\graphicspad\rendering\mesh.cpp(131): note: type is 'unknown-type'
     1>g:\cs397repo\graphicspad\graphicspad\rendering\mesh.cpp(133): error C2065: 'm_indices': undeclared identifier
     1>g:\cs397repo\graphicspad\graphicspad\rendering\mesh.cpp(134): error C2065: 'm_indices': undeclared identifier
     1>g:\cs397repo\graphicspad\graphicspad\rendering\mesh.cpp(135): error C2065: 'm_indices': undeclared identifier
     1>g:\cs397repo\graphicspad\graphicspad\rendering\mesh.cpp(137): error C2065: 'm_positions': undeclared identifier
     1>g:\cs397repo\graphicspad\graphicspad\rendering\mesh.cpp(138): error C2065: 'm_positions': undeclared identifier
     1>g:\cs397repo\graphicspad\graphicspad\rendering\mesh.cpp(140): error C2065: 'm_texCoords': undeclared identifier
     1>g:\cs397repo\graphicspad\graphicspad\rendering\mesh.cpp(140): error C2228: left of '.x' must have class/struct/union
     1>g:\cs397repo\graphicspad\graphicspad\rendering\mesh.cpp(141): error C2065: 'm_texCoords': undeclared identifier
     1>g:\cs397repo\graphicspad\graphicspad\rendering\mesh.cpp(141): error C2228: left of '.x' must have class/struct/union
     1>g:\cs397repo\graphicspad\graphicspad\rendering\mesh.cpp(142): error C2065: 'm_texCoords': undeclared identifier
     1>g:\cs397repo\graphicspad\graphicspad\rendering\mesh.cpp(142): error C2228: left of '.y' must have class/struct/union
     1>g:\cs397repo\graphicspad\graphicspad\rendering\mesh.cpp(143): error C2065: 'm_texCoords': undeclared identifier
     1>g:\cs397repo\graphicspad\graphicspad\rendering\mesh.cpp(143): error C2228: left of '.y' must have class/struct/union
     1>g:\cs397repo\graphicspad\graphicspad\rendering\mesh.cpp(161): error C2065: 'm_tangents': undeclared identifier
     1>g:\cs397repo\graphicspad\graphicspad\rendering\mesh.cpp(162): error C2065: 'm_tangents': undeclared identifier
     1>g:\cs397repo\graphicspad\graphicspad\rendering\mesh.cpp(163): error C2065: 'm_tangents': undeclared identifier
     1>g:\cs397repo\graphicspad\graphicspad\rendering\mesh.cpp(163): fatal error C1003: error count exceeds 100; stopping compilation
         Bullet.cpp
     1>g:\cs397repo\graphicspad\graphicspad\bullet.h(4): warning C4067: unexpected tokens following preprocessor directive - expected a newline
     1>g:\cs397repo\graphicspad\graphicspad\primitives\vertex3d.h(51): warning C4244: '=': conversion from 'float' to 'GLubyte', possible loss of data
     1>g:\cs397repo\graphicspad\graphicspad\primitives\vertex3d.h(52): warning C4244: '=': conversion from 'float' to 'GLubyte', possible loss of data
     1>g:\cs397repo\graphicspad\graphicspad\primitives\vertex3d.h(53): warning C4244: '=': conversion from 'float' to 'GLubyte', possible loss of data
     1>g:\cs397repo\graphicspad\graphicspad\rendering\mesh.h(32): error C2011: 'IndexedModel': 'class' type redefinition
         g:\cs397repo\graphicspad\graphicspad\rendering\obj_loader.h(18): note: see declaration of 'IndexedModel'
         Generating Code...
     1>Done Building Project "G:\CS397Repo\GraphicsPad\GraphicsPad\GraphicsPad.vcxproj" (Build target(s)) -- FAILED.

Build FAILED.

Time Elapsed 00:00:01.52
